app/build/intermediates/manifest_merge_blame_file/debug/processDebugMainManifest/manifest-merger-blame-debug-report.txt
1<?xml version="1.0" encoding="utf-8"?>
2<manifest xmlns:android="http://schemas.android.com/apk/res/android"
3    package="io.arvo.dataconso"
4    android:versionCode="2001"
5    android:versionName="3.0.1" >
6
7    <uses-sdk
7-->INJECTED
8        android:minSdkVersion="26"
8-->INJECTED
9        android:targetSdkVersion="34" />
9-->INJECTED
10
11    <uses-permission android:name="android.permission.INTERNET" />
11-->src\main\AndroidManifest.xml:5:5-67
11-->src\main\AndroidManifest.xml:5:22-64
12    <uses-permission android:name="android.permission.ACCESS_NETWORK_STATE" />
12-->src\main\AndroidManifest.xml:6:5-79
12-->src\main\AndroidManifest.xml:6:22-76
13    <uses-permission android:name="android.permission.ACCESS_WIFI_STATE" />
13-->src\main\AndroidManifest.xml:7:5-76
13-->src\main\AndroidManifest.xml:7:22-73
14    <uses-permission android:name="android.permission.FOREGROUND_SERVICE" />
14-->src\main\AndroidManifest.xml:8:5-77
14-->src\main\AndroidManifest.xml:8:22-74
15    <uses-permission android:name="android.permission.FOREGROUND_SERVICE_DATA_SYNC" />
15-->src\main\AndroidManifest.xml:9:5-87
15-->src\main\AndroidManifest.xml:9:22-84
16    <uses-permission android:name="android.permission.RECEIVE_BOOT_COMPLETED" />
16-->src\main\AndroidManifest.xml:10:5-81
16-->src\main\AndroidManifest.xml:10:22-78
17    <uses-permission android:name="android.permission.WAKE_LOCK" />
17-->src\main\AndroidManifest.xml:11:5-68
17-->src\main\AndroidManifest.xml:11:22-65
18    <uses-permission android:name="android.permission.SYSTEM_ALERT_WINDOW" />
18-->src\main\AndroidManifest.xml:12:5-78
18-->src\main\AndroidManifest.xml:12:22-75
19    <uses-permission android:name="android.permission.BIND_ACCESSIBILITY_SERVICE" />
19-->src\main\AndroidManifest.xml:13:5-121
19-->src\main\AndroidManifest.xml:13:22-82
20    <uses-permission android:name="android.permission.PACKAGE_USAGE_STATS" />
20-->src\main\AndroidManifest.xml:14:5-114
20-->src\main\AndroidManifest.xml:14:22-75
21    <uses-permission android:name="android.permission.QUERY_ALL_PACKAGES" />
21-->src\main\AndroidManifest.xml:15:5-119
21-->src\main\AndroidManifest.xml:15:22-74
22    <uses-permission android:name="com.google.android.gms.permission.AD_ID" />
22-->[com.google.android.gms:play-services-measurement-api:21.5.0] AndroidManifest.xml:25:5-79
22-->[com.google.android.gms:play-services-measurement-api:21.5.0] AndroidManifest.xml:25:22-76
23    <uses-permission android:name="android.permission.ACCESS_ADSERVICES_ATTRIBUTION" />
23-->[com.google.android.gms:play-services-measurement-api:21.5.0] AndroidManifest.xml:26:5-88
23-->[com.google.android.gms:play-services-measurement-api:21.5.0] AndroidManifest.xml:26:22-85
24    <uses-permission android:name="android.permission.ACCESS_ADSERVICES_AD_ID" />
24-->[com.google.android.gms:play-services-measurement-api:21.5.0] AndroidManifest.xml:27:5-82
24-->[com.google.android.gms:play-services-measurement-api:21.5.0] AndroidManifest.xml:27:22-79
25    <uses-permission android:name="com.google.android.finsky.permission.BIND_GET_INSTALL_REFERRER_SERVICE" />
25-->[com.google.android.gms:play-services-measurement:21.5.0] AndroidManifest.xml:26:5-110
25-->[com.google.android.gms:play-services-measurement:21.5.0] AndroidManifest.xml:26:22-107
26
27    <permission
27-->[androidx.core:core:1.12.0] AndroidManifest.xml:22:5-24:47
28        android:name="io.arvo.dataconso.DYNAMIC_RECEIVER_NOT_EXPORTED_PERMISSION"
28-->[androidx.core:core:1.12.0] AndroidManifest.xml:23:9-81
29        android:protectionLevel="signature" />
29-->[androidx.core:core:1.12.0] AndroidManifest.xml:24:9-44
30
31    <uses-permission android:name="io.arvo.dataconso.DYNAMIC_RECEIVER_NOT_EXPORTED_PERMISSION" />
31-->[androidx.core:core:1.12.0] AndroidManifest.xml:26:5-97
31-->[androidx.core:core:1.12.0] AndroidManifest.xml:26:22-94
32
33    <application
33-->src\main\AndroidManifest.xml:17:5-100:19
34        android:name="io.arvo.dataconso.ArvoApplication"
34-->src\main\AndroidManifest.xml:18:9-40
35        android:allowBackup="true"
35-->src\main\AndroidManifest.xml:19:9-35
36        android:appComponentFactory="androidx.core.app.CoreComponentFactory"
36-->[androidx.core:core:1.12.0] AndroidManifest.xml:28:18-86
37        android:dataExtractionRules="@xml/data_extraction_rules"
37-->src\main\AndroidManifest.xml:20:9-65
38        android:debuggable="true"
39        android:extractNativeLibs="false"
39-->INJECTED
40        android:fullBackupContent="@xml/backup_rules"
40-->src\main\AndroidManifest.xml:21:9-54
41        android:icon="@mipmap/ic_launcher"
41-->src\main\AndroidManifest.xml:22:9-43
42        android:label="@string/app_name"
42-->src\main\AndroidManifest.xml:23:9-41
43        android:roundIcon="@mipmap/ic_launcher_round"
43-->src\main\AndroidManifest.xml:24:9-54
44        android:supportsRtl="true"
44-->src\main\AndroidManifest.xml:25:9-35
45        android:theme="@style/Theme.Arvo" >
45-->src\main\AndroidManifest.xml:26:9-42
46        <provider
46-->INJECTED
47            android:name="androidx.startup.InitializationProvider"
47-->src\main\AndroidManifest.xml:29:13-67
48            android:authorities="io.arvo.dataconso.androidx-startup"
48-->INJECTED
49            android:exported="false" >
49-->src\main\AndroidManifest.xml:31:13-37
50            <meta-data
50-->[androidx.emoji2:emoji2:1.3.0] AndroidManifest.xml:29:13-31:52
51                android:name="androidx.emoji2.text.EmojiCompatInitializer"
51-->[androidx.emoji2:emoji2:1.3.0] AndroidManifest.xml:30:17-75
52                android:value="androidx.startup" />
52-->[androidx.emoji2:emoji2:1.3.0] AndroidManifest.xml:31:17-49
53            <meta-data
53-->[androidx.lifecycle:lifecycle-process:2.7.0] AndroidManifest.xml:29:13-31:52
54                android:name="androidx.lifecycle.ProcessLifecycleInitializer"
54-->[androidx.lifecycle:lifecycle-process:2.7.0] AndroidManifest.xml:30:17-78
55                android:value="androidx.startup" />
55-->[androidx.lifecycle:lifecycle-process:2.7.0] AndroidManifest.xml:31:17-49
56            <meta-data
56-->[androidx.profileinstaller:profileinstaller:1.3.0] AndroidManifest.xml:29:13-31:52
57                android:name="androidx.profileinstaller.ProfileInstallerInitializer"
57-->[androidx.profileinstaller:profileinstaller:1.3.0] AndroidManifest.xml:30:17-85
58                android:value="androidx.startup" />
58-->[androidx.profileinstaller:profileinstaller:1.3.0] AndroidManifest.xml:31:17-49
59        </provider>
60
61        <activity
61-->src\main\AndroidManifest.xml:38:9-47:20
62            android:name="io.arvo.dataconso.MainActivity"
62-->src\main\AndroidManifest.xml:39:13-41
63            android:exported="true"
63-->src\main\AndroidManifest.xml:40:13-36
64            android:launchMode="singleTask"
64-->src\main\AndroidManifest.xml:41:13-44
65            android:theme="@style/Theme.Arvo" >
65-->src\main\AndroidManifest.xml:42:13-46
66            <intent-filter>
66-->src\main\AndroidManifest.xml:43:13-46:29
67                <action android:name="android.intent.action.MAIN" />
67-->src\main\AndroidManifest.xml:44:17-69
67-->src\main\AndroidManifest.xml:44:25-66
68
69                <category android:name="android.intent.category.LAUNCHER" />
69-->src\main\AndroidManifest.xml:45:17-77
69-->src\main\AndroidManifest.xml:45:27-74
70            </intent-filter>
71        </activity>
72        <activity
72-->src\main\AndroidManifest.xml:49:9-54:49
73            android:name="io.arvo.dataconso.BlockOverlayActivity"
73-->src\main\AndroidManifest.xml:50:13-49
74            android:excludeFromRecents="true"
74-->src\main\AndroidManifest.xml:51:13-46
75            android:exported="false"
75-->src\main\AndroidManifest.xml:52:13-37
76            android:taskAffinity=""
76-->src\main\AndroidManifest.xml:53:13-36
77            android:theme="@style/Theme.Arvo" />
77-->src\main\AndroidManifest.xml:54:13-46
78
79        <service
79-->src\main\AndroidManifest.xml:56:9-67:19
80            android:name="io.arvo.dataconso.ArvoAccessibilityService"
80-->src\main\AndroidManifest.xml:57:13-53
81            android:exported="false"
81-->src\main\AndroidManifest.xml:58:13-37
82            android:permission="android.permission.BIND_ACCESSIBILITY_SERVICE" >
82-->src\main\AndroidManifest.xml:59:13-79
83            <intent-filter>
83-->src\main\AndroidManifest.xml:60:13-62:29
84                <action android:name="android.accessibilityservice.AccessibilityService" />
84-->src\main\AndroidManifest.xml:61:17-92
84-->src\main\AndroidManifest.xml:61:25-89
85            </intent-filter>
86
87            <meta-data
87-->src\main\AndroidManifest.xml:63:13-66:15
88                android:name="android.accessibilityservice"
88-->src\main\AndroidManifest.xml:64:17-60
89                android:resource="@xml/accessibility_service_config" />
89-->src\main\AndroidManifest.xml:65:17-69
90        </service>
91        <service
91-->src\main\AndroidManifest.xml:69:9-77:19
92            android:name="io.arvo.dataconso.VpnBlockService"
92-->src\main\AndroidManifest.xml:70:13-44
93            android:exported="false"
93-->src\main\AndroidManifest.xml:71:13-37
94            android:foregroundServiceType="dataSync"
94-->src\main\AndroidManifest.xml:73:13-53
95            android:permission="android.permission.BIND_VPN_SERVICE" >
95-->src\main\AndroidManifest.xml:72:13-69
96            <intent-filter>
96-->src\main\AndroidManifest.xml:74:13-76:29
97                <action android:name="android.net.VpnService" />
97-->src\main\AndroidManifest.xml:75:17-65
97-->src\main\AndroidManifest.xml:75:25-62
98            </intent-filter>
99        </service>
100
101        <receiver
101-->src\main\AndroidManifest.xml:79:9-86:20
102            android:name="io.arvo.dataconso.BootReceiver"
102-->src\main\AndroidManifest.xml:80:13-41
103            android:enabled="true"
103-->src\main\AndroidManifest.xml:81:13-35
104            android:exported="true" >
104-->src\main\AndroidManifest.xml:82:13-36
105            <intent-filter>
105-->src\main\AndroidManifest.xml:83:13-85:29
106                <action android:name="android.intent.action.BOOT_COMPLETED" />
106-->src\main\AndroidManifest.xml:84:17-79
106-->src\main\AndroidManifest.xml:84:25-76
107            </intent-filter>
108        </receiver>
109        <receiver
109-->src\main\AndroidManifest.xml:88:9-98:20
110            android:name="io.arvo.dataconso.ArvoWidgetProvider"
110-->src\main\AndroidManifest.xml:89:13-47
111            android:exported="true" >
111-->src\main\AndroidManifest.xml:90:13-36
112            <intent-filter>
112-->src\main\AndroidManifest.xml:91:13-93:29
113                <action android:name="appwidget.action.APPWIDGET_UPDATE" />
113-->src\main\AndroidManifest.xml:92:17-76
113-->src\main\AndroidManifest.xml:92:25-73
114            </intent-filter>
115
116            <meta-data
116-->src\main\AndroidManifest.xml:94:13-97:15
117                android:name="android.appwidget.provider"
117-->src\main\AndroidManifest.xml:95:17-58
118                android:resource="@xml/arvo_widget_info" />
118-->src\main\AndroidManifest.xml:96:17-57
119        </receiver>
120
121        <service
121-->[com.google.firebase:firebase-auth-ktx:22.3.0] AndroidManifest.xml:8:9-14:19
122            android:name="com.google.firebase.components.ComponentDiscoveryService"
122-->[com.google.firebase:firebase-auth-ktx:22.3.0] AndroidManifest.xml:9:13-84
123            android:directBootAware="true"
123-->[com.google.firebase:firebase-common:20.4.2] AndroidManifest.xml:32:13-43
124            android:exported="false" >
124-->[com.google.firebase:firebase-auth-ktx:22.3.0] AndroidManifest.xml:10:13-37
125            <meta-data
125-->[com.google.firebase:firebase-auth-ktx:22.3.0] AndroidManifest.xml:11:13-13:85
126                android:name="com.google.firebase.components:com.google.firebase.auth.ktx.FirebaseAuthLegacyRegistrar"
126-->[com.google.firebase:firebase-auth-ktx:22.3.0] AndroidManifest.xml:12:17-119
127                android:value="com.google.firebase.components.ComponentRegistrar" />
127-->[com.google.firebase:firebase-auth-ktx:22.3.0] AndroidManifest.xml:13:17-82
128            <meta-data
128-->[com.google.firebase:firebase-auth:22.3.0] AndroidManifest.xml:69:13-71:85
129                android:name="com.google.firebase.components:com.google.firebase.auth.FirebaseAuthRegistrar"
129-->[com.google.firebase:firebase-auth:22.3.0] AndroidManifest.xml:70:17-109
130                android:value="com.google.firebase.components.ComponentRegistrar" />
130-->[com.google.firebase:firebase-auth:22.3.0] AndroidManifest.xml:71:17-82
131            <meta-data
131-->[com.google.firebase:firebase-analytics-ktx:21.5.0] AndroidManifest.xml:11:13-13:85
132                android:name="com.google.firebase.components:com.google.firebase.analytics.ktx.FirebaseAnalyticsLegacyRegistrar"
132-->[com.google.firebase:firebase-analytics-ktx:21.5.0] AndroidManifest.xml:12:17-129
133                android:value="com.google.firebase.components.ComponentRegistrar" />
133-->[com.google.firebase:firebase-analytics-ktx:21.5.0] AndroidManifest.xml:13:17-82
134            <meta-data
134-->[com.google.firebase:firebase-database-ktx:20.3.0] AndroidManifest.xml:12:13-14:85
135                android:name="com.google.firebase.components:com.google.firebase.database.ktx.FirebaseDatabaseLegacyRegistrar"
135-->[com.google.firebase:firebase-database-ktx:20.3.0] AndroidManifest.xml:13:17-127
136                android:value="com.google.firebase.components.ComponentRegistrar" />
136-->[com.google.firebase:firebase-database-ktx:20.3.0] AndroidManifest.xml:14:17-82
137            <meta-data
137-->[com.google.firebase:firebase-database:20.3.0] AndroidManifest.xml:29:13-31:85
138                android:name="com.google.firebase.components:com.google.firebase.database.FirebaseDatabaseKtxRegistrar"
138-->[com.google.firebase:firebase-database:20.3.0] AndroidManifest.xml:30:17-120
139                android:value="com.google.firebase.components.ComponentRegistrar" />
139-->[com.google.firebase:firebase-database:20.3.0] AndroidManifest.xml:31:17-82
140            <meta-data
140-->[com.google.firebase:firebase-database:20.3.0] AndroidManifest.xml:32:13-34:85
141                android:name="com.google.firebase.components:com.google.firebase.database.DatabaseRegistrar"
141-->[com.google.firebase:firebase-database:20.3.0] AndroidManifest.xml:33:17-109
142                android:value="com.google.firebase.components.ComponentRegistrar" />
142-->[com.google.firebase:firebase-database:20.3.0] AndroidManifest.xml:34:17-82
143            <meta-data
143-->[com.google.android.gms:play-services-measurement-api:21.5.0] AndroidManifest.xml:37:13-39:85
144                android:name="com.google.firebase.components:com.google.firebase.analytics.connector.internal.AnalyticsConnectorRegistrar"
144-->[com.google.android.gms:play-services-measurement-api:21.5.0] AndroidManifest.xml:38:17-139
145                android:value="com.google.firebase.components.ComponentRegistrar" />
145-->[com.google.android.gms:play-services-measurement-api:21.5.0] AndroidManifest.xml:39:17-82
146            <meta-data
146-->[com.google.firebase:firebase-installations:17.2.0] AndroidManifest.xml:15:13-17:85
147                android:name="com.google.firebase.components:com.google.firebase.installations.FirebaseInstallationsKtxRegistrar"
147-->[com.google.firebase:firebase-installations:17.2.0] AndroidManifest.xml:16:17-130
148                android:value="com.google.firebase.components.ComponentRegistrar" />
148-->[com.google.firebase:firebase-installations:17.2.0] AndroidManifest.xml:17:17-82
149            <meta-data
149-->[com.google.firebase:firebase-installations:17.2.0] AndroidManifest.xml:18:13-20:85
150                android:name="com.google.firebase.components:com.google.firebase.installations.FirebaseInstallationsRegistrar"
150-->[com.google.firebase:firebase-installations:17.2.0] AndroidManifest.xml:19:17-127
151                android:value="com.google.firebase.components.ComponentRegistrar" />
151-->[com.google.firebase:firebase-installations:17.2.0] AndroidManifest.xml:20:17-82
152            <meta-data
152-->[com.google.firebase:firebase-common-ktx:20.4.2] AndroidManifest.xml:12:13-14:85
153                android:name="com.google.firebase.components:com.google.firebase.ktx.FirebaseCommonLegacyRegistrar"
153-->[com.google.firebase:firebase-common-ktx:20.4.2] AndroidManifest.xml:13:17-116
154                android:value="com.google.firebase.components.ComponentRegistrar" />
154-->[com.google.firebase:firebase-common-ktx:20.4.2] AndroidManifest.xml:14:17-82
155            <meta-data
155-->[com.google.firebase:firebase-common:20.4.2] AndroidManifest.xml:35:13-37:85
156                android:name="com.google.firebase.components:com.google.firebase.FirebaseCommonKtxRegistrar"
156-->[com.google.firebase:firebase-common:20.4.2] AndroidManifest.xml:36:17-109
157                android:value="com.google.firebase.components.ComponentRegistrar" />
157-->[com.google.firebase:firebase-common:20.4.2] AndroidManifest.xml:37:17-82
158        </service>
159
160        <activity
160-->[com.google.firebase:firebase-auth:22.3.0] AndroidManifest.xml:29:9-46:20
161            android:name="com.google.firebase.auth.internal.GenericIdpActivity"
161-->[com.google.firebase:firebase-auth:22.3.0] AndroidManifest.xml:30:13-80
162            android:excludeFromRecents="true"
162-->[com.google.firebase:firebase-auth:22.3.0] AndroidManifest.xml:31:13-46
163            android:exported="true"
163-->[com.google.firebase:firebase-auth:22.3.0] AndroidManifest.xml:32:13-36
164            android:launchMode="singleTask"
164-->[com.google.firebase:firebase-auth:22.3.0] AndroidManifest.xml:33:13-44
165            android:theme="@android:style/Theme.Translucent.NoTitleBar" >
165-->[com.google.firebase:firebase-auth:22.3.0] AndroidManifest.xml:34:13-72
166            <intent-filter>
166-->[com.google.firebase:firebase-auth:22.3.0] AndroidManifest.xml:35:13-45:29
167                <action android:name="android.intent.action.VIEW" />
167-->[com.google.firebase:firebase-auth:22.3.0] AndroidManifest.xml:36:17-69
167-->[com.google.firebase:firebase-auth:22.3.0] AndroidManifest.xml:36:25-66
168
169                <category android:name="android.intent.category.DEFAULT" />
169-->[com.google.firebase:firebase-auth:22.3.0] AndroidManifest.xml:38:17-76
169-->[com.google.firebase:firebase-auth:22.3.0] AndroidManifest.xml:38:27-73
170                <category android:name="android.intent.category.BROWSABLE" />
170-->[com.google.firebase:firebase-auth:22.3.0] AndroidManifest.xml:39:17-78
170-->[com.google.firebase:firebase-auth:22.3.0] AndroidManifest.xml:39:27-75
171
172                <data
172-->[com.google.firebase:firebase-auth:22.3.0] AndroidManifest.xml:41:17-44:51
173                    android:host="firebase.auth"
173-->[com.google.firebase:firebase-auth:22.3.0] AndroidManifest.xml:42:21-49
174                    android:path="/"
174-->[com.google.firebase:firebase-auth:22.3.0] AndroidManifest.xml:43:21-37
175                    android:scheme="genericidp" />
175-->[com.google.firebase:firebase-auth:22.3.0] AndroidManifest.xml:44:21-48
176            </intent-filter>
177        </activity>
178        <activity
178-->[com.google.firebase:firebase-auth:22.3.0] AndroidManifest.xml:47:9-64:20
179            android:name="com.google.firebase.auth.internal.RecaptchaActivity"
179-->[com.google.firebase:firebase-auth:22.3.0] AndroidManifest.xml:48:13-79
180            android:excludeFromRecents="true"
180-->[com.google.firebase:firebase-auth:22.3.0] AndroidManifest.xml:49:13-46
181            android:exported="true"
181-->[com.google.firebase:firebase-auth:22.3.0] AndroidManifest.xml:50:13-36
182            android:launchMode="singleTask"
182-->[com.google.firebase:firebase-auth:22.3.0] AndroidManifest.xml:51:13-44
183            android:theme="@android:style/Theme.Translucent.NoTitleBar" >
183-->[com.google.firebase:firebase-auth:22.3.0] AndroidManifest.xml:52:13-72
184            <intent-filter>
184-->[com.google.firebase:firebase-auth:22.3.0] AndroidManifest.xml:53:13-63:29
185                <action android:name="android.intent.action.VIEW" />
185-->[com.google.firebase:firebase-auth:22.3.0] AndroidManifest.xml:36:17-69
185-->[com.google.firebase:firebase-auth:22.3.0] AndroidManifest.xml:36:25-66
186
187                <category android:name="android.intent.category.DEFAULT" />
187-->[com.google.firebase:firebase-auth:22.3.0] AndroidManifest.xml:38:17-76
187-->[com.google.firebase:firebase-auth:22.3.0] AndroidManifest.xml:38:27-73
188                <category android:name="android.intent.category.BROWSABLE" />
188-->[com.google.firebase:firebase-auth:22.3.0] AndroidManifest.xml:39:17-78
188-->[com.google.firebase:firebase-auth:22.3.0] AndroidManifest.xml:39:27-75
189
190                <data
190-->[com.google.firebase:firebase-auth:22.3.0] AndroidManifest.xml:41:17-44:51
191                    android:host="firebase.auth"
191-->[com.google.firebase:firebase-auth:22.3.0] AndroidManifest.xml:42:21-49
192                    android:path="/"
192-->[com.google.firebase:firebase-auth:22.3.0] AndroidManifest.xml:43:21-37
193                    android:scheme="recaptcha" />
193-->[com.google.firebase:firebase-auth:22.3.0] AndroidManifest.xml:44:21-48
194            </intent-filter>
195        </activity>
196
197        <property
197-->[com.google.android.gms:play-services-measurement-api:21.5.0] AndroidManifest.xml:30:9-32:61
198            android:name="android.adservices.AD_SERVICES_CONFIG"
198-->[com.google.android.gms:play-services-measurement-api:21.5.0] AndroidManifest.xml:31:13-65
199            android:resource="@xml/ga_ad_services_config" />
199-->[com.google.android.gms:play-services-measurement-api:21.5.0] AndroidManifest.xml:32:13-58
200
201        <provider
201-->[com.google.firebase:firebase-common:20.4.2] AndroidManifest.xml:23:9-28:39
202            android:name="com.google.firebase.provider.FirebaseInitProvider"
202-->[com.google.firebase:firebase-common:20.4.2] AndroidManifest.xml:24:13-77
203            android:authorities="io.arvo.dataconso.firebaseinitprovider"
203-->[com.google.firebase:firebase-common:20.4.2] AndroidManifest.xml:25:13-72
204            android:directBootAware="true"
204-->[com.google.firebase:firebase-common:20.4.2] AndroidManifest.xml:26:13-43
205            android:exported="false"
205-->[com.google.firebase:firebase-common:20.4.2] AndroidManifest.xml:27:13-37
206            android:initOrder="100" />
206-->[com.google.firebase:firebase-common:20.4.2] AndroidManifest.xml:28:13-36
207
208        <receiver
208-->[com.google.android.gms:play-services-measurement:21.5.0] AndroidManifest.xml:29:9-33:20
209            android:name="com.google.android.gms.measurement.AppMeasurementReceiver"
209-->[com.google.android.gms:play-services-measurement:21.5.0] AndroidManifest.xml:30:13-85
210            android:enabled="true"
210-->[com.google.android.gms:play-services-measurement:21.5.0] AndroidManifest.xml:31:13-35
211            android:exported="false" >
211-->[com.google.android.gms:play-services-measurement:21.5.0] AndroidManifest.xml:32:13-37
212        </receiver>
213
214        <service
214-->[com.google.android.gms:play-services-measurement:21.5.0] AndroidManifest.xml:35:9-38:40
215            android:name="com.google.android.gms.measurement.AppMeasurementService"
215-->[com.google.android.gms:play-services-measurement:21.5.0] AndroidManifest.xml:36:13-84
216            android:enabled="true"
216-->[com.google.android.gms:play-services-measurement:21.5.0] AndroidManifest.xml:37:13-35
217            android:exported="false" />
217-->[com.google.android.gms:play-services-measurement:21.5.0] AndroidManifest.xml:38:13-37
218        <service
218-->[com.google.android.gms:play-services-measurement:21.5.0] AndroidManifest.xml:39:9-43:72
219            android:name="com.google.android.gms.measurement.AppMeasurementJobService"
219-->[com.google.android.gms:play-services-measurement:21.5.0] AndroidManifest.xml:40:13-87
220            android:enabled="true"
220-->[com.google.android.gms:play-services-measurement:21.5.0] AndroidManifest.xml:41:13-35
221            android:exported="false"
221-->[com.google.android.gms:play-services-measurement:21.5.0] AndroidManifest.xml:42:13-37
222            android:permission="android.permission.BIND_JOB_SERVICE" />
222-->[com.google.android.gms:play-services-measurement:21.5.0] AndroidManifest.xml:43:13-69
223
224        <activity
224-->[com.google.android.gms:play-services-base:18.1.0] AndroidManifest.xml:20:9-22:45
225            android:name="com.google.android.gms.common.api.GoogleApiActivity"
225-->[com.google.android.gms:play-services-base:18.1.0] AndroidManifest.xml:20:19-85
226            android:exported="false"
226-->[com.google.android.gms:play-services-base:18.1.0] AndroidManifest.xml:22:19-43
227            android:theme="@android:style/Theme.Translucent.NoTitleBar" />
227-->[com.google.android.gms:play-services-base:18.1.0] AndroidManifest.xml:21:19-78
228
229        <service
229-->[androidx.room:room-runtime-android:2.7.2] AndroidManifest.xml:24:9-28:63
230            android:name="androidx.room.MultiInstanceInvalidationService"
230-->[androidx.room:room-runtime-android:2.7.2] AndroidManifest.xml:25:13-74
231            android:directBootAware="true"
231-->[androidx.room:room-runtime-android:2.7.2] AndroidManifest.xml:26:13-43
232            android:exported="false" />
232-->[androidx.room:room-runtime-android:2.7.2] AndroidManifest.xml:27:13-37
233        <service
233-->[androidx.work:work-runtime:2.9.0] AndroidManifest.xml:39:9-45:35
234            android:name="androidx.work.impl.background.systemalarm.SystemAlarmService"
234-->[androidx.work:work-runtime:2.9.0] AndroidManifest.xml:40:13-88
235            android:directBootAware="false"
235-->[androidx.work:work-runtime:2.9.0] AndroidManifest.xml:41:13-44
236            android:enabled="@bool/enable_system_alarm_service_default"
236-->[androidx.work:work-runtime:2.9.0] AndroidManifest.xml:42:13-72
237            android:exported="false" />
237-->[androidx.work:work-runtime:2.9.0] AndroidManifest.xml:43:13-37
238        <service
238-->[androidx.work:work-runtime:2.9.0] AndroidManifest.xml:46:9-52:35
239            android:name="androidx.work.impl.background.systemjob.SystemJobService"
239-->[androidx.work:work-runtime:2.9.0] AndroidManifest.xml:47:13-84
240            android:directBootAware="false"
240-->[androidx.work:work-runtime:2.9.0] AndroidManifest.xml:48:13-44
241            android:enabled="@bool/enable_system_job_service_default"
241-->[androidx.work:work-runtime:2.9.0] AndroidManifest.xml:49:13-70
242            android:exported="true"
242-->[androidx.work:work-runtime:2.9.0] AndroidManifest.xml:50:13-36
243            android:permission="android.permission.BIND_JOB_SERVICE" />
243-->[androidx.work:work-runtime:2.9.0] AndroidManifest.xml:51:13-69
244        <service
244-->[androidx.work:work-runtime:2.9.0] AndroidManifest.xml:53:9-59:35
245            android:name="androidx.work.impl.foreground.SystemForegroundService"
245-->[androidx.work:work-runtime:2.9.0] AndroidManifest.xml:54:13-81
246            android:directBootAware="false"
246-->[androidx.work:work-runtime:2.9.0] AndroidManifest.xml:55:13-44
247            android:enabled="@bool/enable_system_foreground_service_default"
247-->[androidx.work:work-runtime:2.9.0] AndroidManifest.xml:56:13-77
248            android:exported="false" />
248-->[androidx.work:work-runtime:2.9.0] AndroidManifest.xml:57:13-37
249
250        <receiver
250-->[androidx.work:work-runtime:2.9.0] AndroidManifest.xml:61:9-66:35
251            android:name="androidx.work.impl.utils.ForceStopRunnable$BroadcastReceiver"
251-->[androidx.work:work-runtime:2.9.0] AndroidManifest.xml:62:13-88
252            android:directBootAware="false"
252-->[androidx.work:work-runtime:2.9.0] AndroidManifest.xml:63:13-44
253            android:enabled="true"
253-->[androidx.work:work-runtime:2.9.0] AndroidManifest.xml:64:13-35
254            android:exported="false" />
254-->[androidx.work:work-runtime:2.9.0] AndroidManifest.xml:65:13-37
255        <receiver
255-->[androidx.work:work-runtime:2.9.0] AndroidManifest.xml:67:9-77:20
256            android:name="androidx.work.impl.background.systemalarm.ConstraintProxy$BatteryChargingProxy"
256-->[androidx.work:work-runtime:2.9.0] AndroidManifest.xml:68:13-106
257            android:directBootAware="false"
257-->[androidx.work:work-runtime:2.9.0] AndroidManifest.xml:69:13-44
258            android:enabled="false"
258-->[androidx.work:work-runtime:2.9.0] AndroidManifest.xml:70:13-36
259            android:exported="false" >
259-->[androidx.work:work-runtime:2.9.0] AndroidManifest.xml:71:13-37
260            <intent-filter>
260-->[androidx.work:work-runtime:2.9.0] AndroidManifest.xml:73:13-76:29
261                <action android:name="android.intent.action.ACTION_POWER_CONNECTED" />
261-->[androidx.work:work-runtime:2.9.0] AndroidManifest.xml:74:17-87
261-->[androidx.work:work-runtime:2.9.0] AndroidManifest.xml:74:25-84
262                <action android:name="android.intent.action.ACTION_POWER_DISCONNECTED" />
262-->[androidx.work:work-runtime:2.9.0] AndroidManifest.xml:75:17-90
262-->[androidx.work:work-runtime:2.9.0] AndroidManifest.xml:75:25-87
263            </intent-filter>
264        </receiver>
265        <receiver
265-->[androidx.work:work-runtime:2.9.0] AndroidManifest.xml:78:9-88:20
266            android:name="androidx.work.impl.background.systemalarm.ConstraintProxy$BatteryNotLowProxy"
266-->[androidx.work:work-runtime:2.9.0] AndroidManifest.xml:79:13-104
267            android:directBootAware="false"
267-->[androidx.work:work-runtime:2.9.0] AndroidManifest.xml:80:13-44
268            android:enabled="false"
268-->[androidx.work:work-runtime:2.9.0] AndroidManifest.xml:81:13-36